h:\gitworkspace\datastruct\datastruct\debug\vc141.pdb
h:\gitworkspace\datastruct\datastruct\debug\vc141.idb
h:\gitworkspace\datastruct\datastruct\debug\tree.obj
h:\gitworkspace\datastruct\datastruct\debug\sort.obj
h:\gitworkspace\datastruct\datastruct\debug\seqarray.obj
h:\gitworkspace\datastruct\datastruct\debug\polynomial.obj
h:\gitworkspace\datastruct\datastruct\debug\main.obj
h:\gitworkspace\datastruct\datastruct\debug\linkstack.obj
h:\gitworkspace\datastruct\datastruct\debug\linkqueue.obj
h:\gitworkspace\datastruct\datastruct\debug\linklist.obj
h:\gitworkspace\datastruct\datastruct\debug\heap.obj
h:\gitworkspace\datastruct\datastruct\debug\graph_shortestpath.obj
h:\gitworkspace\datastruct\datastruct\debug\graph_prim.obj
h:\gitworkspace\datastruct\datastruct\debug\graph_adjacency.obj
h:\gitworkspace\datastruct\datastruct\debug\doublelinklist.obj
h:\gitworkspace\datastruct\datastruct\debug\circlearrayqueue.obj
h:\gitworkspace\datastruct\datastruct\debug\arraystack.obj
h:\gitworkspace\datastruct\datastruct\debug\arrayqueue.obj
h:\gitworkspace\datastruct\datastruct\debug\kruskal.obj
h:\gitworkspace\datastruct\datastruct\debug\adjacencylistgraph.obj
h:\gitworkspace\datastruct\datastruct\debug\adjacencymatrix.obj
h:\gitworkspace\datastruct\datastruct\debug\source.obj
h:\gitworkspace\datastruct\datastruct\debug\pat.obj
h:\gitworkspace\datastruct\datastruct\debug\online_examination.obj
h:\gitworkspace\datastruct\datastruct\debug\cstring.obj
h:\gitworkspace\datastruct\datastruct\debug\2018eastsecondexam.obj
h:\gitworkspace\datastruct\debug\datastruct.exe
h:\gitworkspace\datastruct\debug\datastruct.ilk
h:\gitworkspace\datastruct\debug\datastruct.pdb
h:\gitworkspace\datastruct\datastruct\debug\kruskal.obj.enc
h:\gitworkspace\datastruct\datastruct\debug\datastruct.tlog\cl.command.1.tlog
h:\gitworkspace\datastruct\datastruct\debug\datastruct.tlog\cl.read.1.tlog
h:\gitworkspace\datastruct\datastruct\debug\datastruct.tlog\cl.write.1.tlog
h:\gitworkspace\datastruct\datastruct\debug\datastruct.tlog\link.command.1.tlog
h:\gitworkspace\datastruct\datastruct\debug\datastruct.tlog\link.read.1.tlog
h:\gitworkspace\datastruct\datastruct\debug\datastruct.tlog\link.write.1.tlog
